<?xml version="1.0" encoding="UTF-8"?>
<!-- Generated by org.testng.reporters.JUnitReportReporter -->
<testsuite hostname="Paik-PC" name="com.finance.PageTest.LoginPageTest" tests="2" failures="0" timestamp="28 Jun 2019 19:47:27 GMT" time="10.439" errors="0">
  <testcase name="loginTest" time="10.198" classname="com.finance.PageTest.LoginPageTest"/>
  <testcase name="validateLogo" time="0.241" classname="com.finance.PageTest.LoginPageTest"/>
</testsuite> <!-- com.finance.PageTest.LoginPageTest -->
